

***********************************************************************
Fatal OSN connect error 12203, connecting to:
 (DESCRIPTION=(ADDRESS_LIST=(ADDRESS=(COMMUNITY=tcp.world)(PROTOCOL=TCP)(Host=172.16.1.21)(Port=1521))(ADDRESS=(COMMUNITY=tcp.world)(PROTOCOL=TCP)(Host=172.16.1.21)(Port=1526)))(CONNECT_DATA=(SID=ORCL)(CID=(PROGRAM=pb60.exe)(HOST=CXC)(USER=chenxuecai))))

  VERSION INFORMATION:
	TNS for 32-bit Windows: Version 2.3.3.0.0 - Production
	Windows NT TCP/IP NT Protocol Adapter for 32-bit Windows: Version 2.3.3.0.0 - Production
  Time: 20-JUN-01 15:26:09
  Tracing not turned on.
  Tns error struct:
    nr err code: 12203
    TNS-12203: TNS:unable to connect to destination
    ns main err code: 12535
    TNS-12535: TNS:operation timed out
    ns secondary err code: 12560
    nt main err code: 505
    TNS-00505: Operation timed out
    nt secondary err code: 60
    nt OS err code: 0


***********************************************************************
Fatal OSN connect error 12154, connecting to:
 local

  VERSION INFORMATION:
	TNS for 32-bit Windows: Version 2.3.3.0.0 - Production
	Windows NT TCP/IP NT Protocol Adapter for 32-bit Windows: Version 2.3.3.0.0 - Production
  Time: 20-JUN-01 15:33:07
  Tracing not turned on.
